<?xml version="1.0" encoding="UTF-8"?>
<testsuite name="cucumberselenuim.cucumberseleniumexample.TestRunner" time="0.014" tests="12" errors="0" skipped="0" failures="2">
  <properties>
[...]
</properties>
  <testcase name="Given User is on register customer Page" classname="Scenario: Register customer" time="0.001"/>
  <testcase name="When User enters John as customer name" classname="Scenario: Register customer" time="0.001"/>
  <testcase name="And User enters Wall Street as customer address" classname="Scenario: Register customer" time="0.001"/>
  <testcase name="And submit the form" classname="Scenario: Register customer" time="0"/>
  <testcase name="Then form is submitted successfully" classname="Scenario: Register customer" time="0"/>
  <testcase name="Scenario: Register customer" classname="Scenario: Register customer" time="0.001"/>
  <testcase name="When user is on register customer page" classname="Scenario: Verify registered customer details" time="0"/>
  <testcase name="Then A row with new customer is added" classname="Scenario: Verify registered customer details" time="0"/>
  <testcase name="And value in the name column is cust_name" classname="Scenario: Verify registered customer details" time="0"/>
  <testcase name="And value in Address column is cust_addr" classname="Scenario: Verify registered customer details" time="0"/>
  <testcase name="And user is navigated to login page" classname="Scenario: Verify registered customer details" time="0.005">
    <failure type="java.lang.AssertionError:">java.lang.AssertionError: null
	at org.junit.Assert.fail(Assert.java:86)
	at org.junit.Assert.assertTrue(Assert.java:41)
	at org.junit.Assert.assertTrue(Assert.java:52)
	at cucumberselenuim.cucumberseleniumexample.CustomerRegistrationForm.CustomerDataVerification.verify_user_page(CustomerDataVerification.java:57)
	at ✽.And user is navigated to login page(feature/JsfFormCheck.feature:15)
</failure>
  </testcase>
  <testcase name="Scenario: Verify registered customer details" classname="Scenario: Verify registered customer details" time="0.005">
    <failure type="java.lang.AssertionError:">java.lang.AssertionError: null
	at org.junit.Assert.fail(Assert.java:86)
	at org.junit.Assert.assertTrue(Assert.java:41)
	at org.junit.Assert.assertTrue(Assert.java:52)
	at cucumberselenuim.cucumberseleniumexample.CustomerRegistrationForm.CustomerDataVerification.verify_user_page(CustomerDataVerification.java:57)
	at ✽.And user is navigated to login page(feature/JsfFormCheck.feature:15)
</failure>
  </testcase>
</testsuite>